DEB [20190703-00:18:23.032] thr=1   paramiko.transport: starting thread (client mode): 0x30a6450L
DEB [20190703-00:18:23.033] thr=1   paramiko.transport: Local version/idstring: SSH-2.0-paramiko_2.4.2
DEB [20190703-00:18:23.220] thr=1   paramiko.transport: Remote version/idstring: SSH-2.0-OpenSSH_7.4
INF [20190703-00:18:23.221] thr=1   paramiko.transport: Connected (version 2.0, client OpenSSH_7.4)
DEB [20190703-00:18:23.400] thr=1   paramiko.transport: kex algos:[u'curve25519-sha256', u'curve25519-sha256@libssh.org', u'ecdh-sha2-nistp256', u'ecdh-sha2-nistp384', u'ecdh-sha2-nistp521', u'diffie-hellman-group-exchange-sha256', u'diffie-hellman-group16-sha512', u'diffie-hellman-group18-sha512', u'diffie-hellman-group-exchange-sha1', u'diffie-hellman-group14-sha256', u'diffie-hellman-group14-sha1', u'diffie-hellman-group1-sha1'] server key:[u'ssh-rsa', u'rsa-sha2-512', u'rsa-sha2-256', u'ecdsa-sha2-nistp256', u'ssh-ed25519'] client encrypt:[u'chacha20-poly1305@openssh.com', u'aes128-ctr', u'aes192-ctr', u'aes256-ctr', u'aes128-gcm@openssh.com', u'aes256-gcm@openssh.com', u'aes128-cbc', u'aes192-cbc', u'aes256-cbc', u'blowfish-cbc', u'cast128-cbc', u'3des-cbc'] server encrypt:[u'chacha20-poly1305@openssh.com', u'aes128-ctr', u'aes192-ctr', u'aes256-ctr', u'aes128-gcm@openssh.com', u'aes256-gcm@openssh.com', u'aes128-cbc', u'aes192-cbc', u'aes256-cbc', u'blowfish-cbc', u'cast128-cbc', u'3des-cbc'] client mac:[u'umac-64-etm@openssh.com', u'umac-128-etm@openssh.com', u'hmac-sha2-256-etm@openssh.com', u'hmac-sha2-512-etm@openssh.com', u'hmac-sha1-etm@openssh.com', u'umac-64@openssh.com', u'umac-128@openssh.com', u'hmac-sha2-256', u'hmac-sha2-512', u'hmac-sha1'] server mac:[u'umac-64-etm@openssh.com', u'umac-128-etm@openssh.com', u'hmac-sha2-256-etm@openssh.com', u'hmac-sha2-512-etm@openssh.com', u'hmac-sha1-etm@openssh.com', u'umac-64@openssh.com', u'umac-128@openssh.com', u'hmac-sha2-256', u'hmac-sha2-512', u'hmac-sha1'] client compress:[u'none', u'zlib@openssh.com'] server compress:[u'none', u'zlib@openssh.com'] client lang:[u''] server lang:[u''] kex follows?False
DEB [20190703-00:18:23.401] thr=1   paramiko.transport: Kex agreed: ecdh-sha2-nistp256
DEB [20190703-00:18:23.401] thr=1   paramiko.transport: HostKey agreed: ssh-ed25519
DEB [20190703-00:18:23.401] thr=1   paramiko.transport: Cipher agreed: aes128-ctr
DEB [20190703-00:18:23.401] thr=1   paramiko.transport: MAC agreed: hmac-sha2-256
DEB [20190703-00:18:23.401] thr=1   paramiko.transport: Compression agreed: none
DEB [20190703-00:18:23.782] thr=1   paramiko.transport: kex engine KexNistp256 specified hash_algo <built-in function openssl_sha256>
DEB [20190703-00:18:23.782] thr=1   paramiko.transport: Switch to new keys ...
DEB [20190703-00:18:23.806] thr=2   paramiko.transport: Adding ssh-ed25519 host key for stg-df-dkr4: ce58f620aca42778e397891106b070a3
DEB [20190703-00:18:24.230] thr=2   paramiko.transport: Trying discovered key 6d9744873d5497c6a63eabd1f8194f11 in D:\INTG\stg-df-dkr3_key_Important\XShell_private
DEB [20190703-00:18:24.404] thr=1   paramiko.transport: userauth is OK
INF [20190703-00:18:24.605] thr=1   paramiko.transport: Authentication (publickey) successful!
DEB [20190703-00:18:24.635] thr=2   paramiko.transport: [chan 0] Max packet in: 32768 bytes
DEB [20190703-00:18:24.808] thr=1   paramiko.transport: Received global request "hostkeys-00@openssh.com"
DEB [20190703-00:18:24.809] thr=1   paramiko.transport: Rejecting "hostkeys-00@openssh.com" global request from server.
DEB [20190703-00:18:25.020] thr=1   paramiko.transport: [chan 0] Max packet out: 32768 bytes
DEB [20190703-00:18:25.022] thr=1   paramiko.transport: Secsh channel 0 opened.
DEB [20190703-00:18:25.219] thr=1   paramiko.transport: [chan 0] Sesch channel 0 request ok
DEB [20190703-00:18:25.220] thr=2   paramiko.transport: [chan 1] Max packet in: 32768 bytes
DEB [20190703-00:18:25.259] thr=1   paramiko.transport: [chan 0] EOF received (0)
DEB [20190703-00:18:25.259] thr=1   paramiko.transport: [chan 0] EOF sent (0)
DEB [20190703-00:18:25.398] thr=1   paramiko.transport: [chan 1] Max packet out: 32768 bytes
DEB [20190703-00:18:25.398] thr=1   paramiko.transport: Secsh channel 1 opened.
DEB [20190703-00:18:25.782] thr=1   paramiko.transport: [chan 1] Sesch channel 1 request ok
INF [20190703-00:18:25.956] thr=2   paramiko.transport.sftp: [chan 1] Opened sftp connection (server version 3)
INF [20190703-00:18:25.956] thr=2   paramiko.transport.sftp: [chan 1] sftp session closed.
DEB [20190703-00:18:25.957] thr=2   paramiko.transport: [chan 1] EOF sent (1)
DEB [20190703-00:18:26.055] thr=1   paramiko.transport: EOF in transport thread
DEB [20190703-00:19:12.390] thr=1   paramiko.transport: starting thread (client mode): 0x2eb6450L
DEB [20190703-00:19:12.390] thr=1   paramiko.transport: Local version/idstring: SSH-2.0-paramiko_2.4.2
DEB [20190703-00:19:12.538] thr=1   paramiko.transport: Remote version/idstring: SSH-2.0-OpenSSH_7.4
INF [20190703-00:19:12.538] thr=1   paramiko.transport: Connected (version 2.0, client OpenSSH_7.4)
DEB [20190703-00:19:12.737] thr=1   paramiko.transport: kex algos:[u'curve25519-sha256', u'curve25519-sha256@libssh.org', u'ecdh-sha2-nistp256', u'ecdh-sha2-nistp384', u'ecdh-sha2-nistp521', u'diffie-hellman-group-exchange-sha256', u'diffie-hellman-group16-sha512', u'diffie-hellman-group18-sha512', u'diffie-hellman-group-exchange-sha1', u'diffie-hellman-group14-sha256', u'diffie-hellman-group14-sha1', u'diffie-hellman-group1-sha1'] server key:[u'ssh-rsa', u'rsa-sha2-512', u'rsa-sha2-256', u'ecdsa-sha2-nistp256', u'ssh-ed25519'] client encrypt:[u'chacha20-poly1305@openssh.com', u'aes128-ctr', u'aes192-ctr', u'aes256-ctr', u'aes128-gcm@openssh.com', u'aes256-gcm@openssh.com', u'aes128-cbc', u'aes192-cbc', u'aes256-cbc', u'blowfish-cbc', u'cast128-cbc', u'3des-cbc'] server encrypt:[u'chacha20-poly1305@openssh.com', u'aes128-ctr', u'aes192-ctr', u'aes256-ctr', u'aes128-gcm@openssh.com', u'aes256-gcm@openssh.com', u'aes128-cbc', u'aes192-cbc', u'aes256-cbc', u'blowfish-cbc', u'cast128-cbc', u'3des-cbc'] client mac:[u'umac-64-etm@openssh.com', u'umac-128-etm@openssh.com', u'hmac-sha2-256-etm@openssh.com', u'hmac-sha2-512-etm@openssh.com', u'hmac-sha1-etm@openssh.com', u'umac-64@openssh.com', u'umac-128@openssh.com', u'hmac-sha2-256', u'hmac-sha2-512', u'hmac-sha1'] server mac:[u'umac-64-etm@openssh.com', u'umac-128-etm@openssh.com', u'hmac-sha2-256-etm@openssh.com', u'hmac-sha2-512-etm@openssh.com', u'hmac-sha1-etm@openssh.com', u'umac-64@openssh.com', u'umac-128@openssh.com', u'hmac-sha2-256', u'hmac-sha2-512', u'hmac-sha1'] client compress:[u'none', u'zlib@openssh.com'] server compress:[u'none', u'zlib@openssh.com'] client lang:[u''] server lang:[u''] kex follows?False
DEB [20190703-00:19:12.737] thr=1   paramiko.transport: Kex agreed: ecdh-sha2-nistp256
DEB [20190703-00:19:12.739] thr=1   paramiko.transport: HostKey agreed: ssh-ed25519
DEB [20190703-00:19:12.739] thr=1   paramiko.transport: Cipher agreed: aes128-ctr
DEB [20190703-00:19:12.739] thr=1   paramiko.transport: MAC agreed: hmac-sha2-256
DEB [20190703-00:19:12.739] thr=1   paramiko.transport: Compression agreed: none
DEB [20190703-00:19:13.252] thr=1   paramiko.transport: kex engine KexNistp256 specified hash_algo <built-in function openssl_sha256>
DEB [20190703-00:19:13.253] thr=1   paramiko.transport: Switch to new keys ...
DEB [20190703-00:19:13.255] thr=2   paramiko.transport: Adding ssh-ed25519 host key for stg-df-dkr4: ce58f620aca42778e397891106b070a3
DEB [20190703-00:19:13.256] thr=2   paramiko.transport: Trying discovered key 6d9744873d5497c6a63eabd1f8194f11 in D:\INTG\stg-df-dkr3_key_Important\XShell_private
DEB [20190703-00:19:13.637] thr=1   paramiko.transport: userauth is OK
INF [20190703-00:19:13.838] thr=1   paramiko.transport: Authentication (publickey) successful!
DEB [20190703-00:19:13.869] thr=2   paramiko.transport: [chan 0] Max packet in: 32768 bytes
DEB [20190703-00:19:14.043] thr=1   paramiko.transport: Received global request "hostkeys-00@openssh.com"
DEB [20190703-00:19:14.043] thr=1   paramiko.transport: Rejecting "hostkeys-00@openssh.com" global request from server.
DEB [20190703-00:19:14.443] thr=1   paramiko.transport: [chan 0] Max packet out: 32768 bytes
DEB [20190703-00:19:14.443] thr=1   paramiko.transport: Secsh channel 0 opened.
DEB [20190703-00:19:14.641] thr=1   paramiko.transport: [chan 0] Sesch channel 0 request ok
DEB [20190703-00:19:14.641] thr=2   paramiko.transport: [chan 1] Max packet in: 32768 bytes
DEB [20190703-00:19:14.673] thr=1   paramiko.transport: [chan 0] EOF received (0)
DEB [20190703-00:19:14.674] thr=1   paramiko.transport: [chan 0] EOF sent (0)
DEB [20190703-00:19:14.815] thr=1   paramiko.transport: [chan 1] Max packet out: 32768 bytes
DEB [20190703-00:19:14.815] thr=1   paramiko.transport: Secsh channel 1 opened.
DEB [20190703-00:19:15.200] thr=1   paramiko.transport: [chan 1] Sesch channel 1 request ok
INF [20190703-00:19:15.378] thr=2   paramiko.transport.sftp: [chan 1] Opened sftp connection (server version 3)
DEB [20190703-00:19:15.477] thr=1   paramiko.transport: EOF in transport thread
DEB [20190703-00:19:37.407] thr=1   paramiko.transport: starting thread (client mode): 0x3006450L
DEB [20190703-00:19:37.407] thr=1   paramiko.transport: Local version/idstring: SSH-2.0-paramiko_2.4.2
DEB [20190703-00:19:37.601] thr=1   paramiko.transport: Remote version/idstring: SSH-2.0-OpenSSH_7.4
INF [20190703-00:19:37.601] thr=1   paramiko.transport: Connected (version 2.0, client OpenSSH_7.4)
DEB [20190703-00:19:37.779] thr=1   paramiko.transport: kex algos:[u'curve25519-sha256', u'curve25519-sha256@libssh.org', u'ecdh-sha2-nistp256', u'ecdh-sha2-nistp384', u'ecdh-sha2-nistp521', u'diffie-hellman-group-exchange-sha256', u'diffie-hellman-group16-sha512', u'diffie-hellman-group18-sha512', u'diffie-hellman-group-exchange-sha1', u'diffie-hellman-group14-sha256', u'diffie-hellman-group14-sha1', u'diffie-hellman-group1-sha1'] server key:[u'ssh-rsa', u'rsa-sha2-512', u'rsa-sha2-256', u'ecdsa-sha2-nistp256', u'ssh-ed25519'] client encrypt:[u'chacha20-poly1305@openssh.com', u'aes128-ctr', u'aes192-ctr', u'aes256-ctr', u'aes128-gcm@openssh.com', u'aes256-gcm@openssh.com', u'aes128-cbc', u'aes192-cbc', u'aes256-cbc', u'blowfish-cbc', u'cast128-cbc', u'3des-cbc'] server encrypt:[u'chacha20-poly1305@openssh.com', u'aes128-ctr', u'aes192-ctr', u'aes256-ctr', u'aes128-gcm@openssh.com', u'aes256-gcm@openssh.com', u'aes128-cbc', u'aes192-cbc', u'aes256-cbc', u'blowfish-cbc', u'cast128-cbc', u'3des-cbc'] client mac:[u'umac-64-etm@openssh.com', u'umac-128-etm@openssh.com', u'hmac-sha2-256-etm@openssh.com', u'hmac-sha2-512-etm@openssh.com', u'hmac-sha1-etm@openssh.com', u'umac-64@openssh.com', u'umac-128@openssh.com', u'hmac-sha2-256', u'hmac-sha2-512', u'hmac-sha1'] server mac:[u'umac-64-etm@openssh.com', u'umac-128-etm@openssh.com', u'hmac-sha2-256-etm@openssh.com', u'hmac-sha2-512-etm@openssh.com', u'hmac-sha1-etm@openssh.com', u'umac-64@openssh.com', u'umac-128@openssh.com', u'hmac-sha2-256', u'hmac-sha2-512', u'hmac-sha1'] client compress:[u'none', u'zlib@openssh.com'] server compress:[u'none', u'zlib@openssh.com'] client lang:[u''] server lang:[u''] kex follows?False
DEB [20190703-00:19:37.779] thr=1   paramiko.transport: Kex agreed: ecdh-sha2-nistp256
DEB [20190703-00:19:37.779] thr=1   paramiko.transport: HostKey agreed: ssh-ed25519
DEB [20190703-00:19:37.779] thr=1   paramiko.transport: Cipher agreed: aes128-ctr
DEB [20190703-00:19:37.779] thr=1   paramiko.transport: MAC agreed: hmac-sha2-256
DEB [20190703-00:19:37.779] thr=1   paramiko.transport: Compression agreed: none
DEB [20190703-00:19:38.174] thr=1   paramiko.transport: kex engine KexNistp256 specified hash_algo <built-in function openssl_sha256>
DEB [20190703-00:19:38.176] thr=1   paramiko.transport: Switch to new keys ...
DEB [20190703-00:19:38.180] thr=2   paramiko.transport: Adding ssh-ed25519 host key for stg-df-dkr4: ce58f620aca42778e397891106b070a3
DEB [20190703-00:19:38.181] thr=2   paramiko.transport: Trying discovered key 6d9744873d5497c6a63eabd1f8194f11 in D:\INTG\stg-df-dkr3_key_Important\XShell_private
DEB [20190703-00:19:38.559] thr=1   paramiko.transport: userauth is OK
INF [20190703-00:19:38.762] thr=1   paramiko.transport: Authentication (publickey) successful!
DEB [20190703-00:19:38.789] thr=2   paramiko.transport: [chan 0] Max packet in: 32768 bytes
DEB [20190703-00:19:38.963] thr=1   paramiko.transport: Received global request "hostkeys-00@openssh.com"
DEB [20190703-00:19:38.963] thr=1   paramiko.transport: Rejecting "hostkeys-00@openssh.com" global request from server.
DEB [20190703-00:19:39.232] thr=1   paramiko.transport: [chan 0] Max packet out: 32768 bytes
DEB [20190703-00:19:39.232] thr=1   paramiko.transport: Secsh channel 0 opened.
DEB [20190703-00:19:39.433] thr=1   paramiko.transport: [chan 0] Sesch channel 0 request ok
DEB [20190703-00:19:39.437] thr=2   paramiko.transport: [chan 1] Max packet in: 32768 bytes
DEB [20190703-00:19:39.466] thr=1   paramiko.transport: [chan 0] EOF received (0)
DEB [20190703-00:19:39.466] thr=1   paramiko.transport: [chan 0] EOF sent (0)
DEB [20190703-00:19:39.611] thr=1   paramiko.transport: [chan 1] Max packet out: 32768 bytes
DEB [20190703-00:19:39.611] thr=1   paramiko.transport: Secsh channel 1 opened.
DEB [20190703-00:19:39.996] thr=1   paramiko.transport: [chan 1] Sesch channel 1 request ok
INF [20190703-00:19:40.171] thr=2   paramiko.transport.sftp: [chan 1] Opened sftp connection (server version 3)
DEB [20190703-00:19:40.272] thr=1   paramiko.transport: EOF in transport thread
DEB [20190703-00:21:59.627] thr=1   paramiko.transport: starting thread (client mode): 0x33dd450L
DEB [20190703-00:21:59.631] thr=1   paramiko.transport: Local version/idstring: SSH-2.0-paramiko_2.4.2
DEB [20190703-00:21:59.815] thr=1   paramiko.transport: Remote version/idstring: SSH-2.0-OpenSSH_7.4
INF [20190703-00:21:59.815] thr=1   paramiko.transport: Connected (version 2.0, client OpenSSH_7.4)
DEB [20190703-00:21:59.990] thr=1   paramiko.transport: kex algos:[u'curve25519-sha256', u'curve25519-sha256@libssh.org', u'ecdh-sha2-nistp256', u'ecdh-sha2-nistp384', u'ecdh-sha2-nistp521', u'diffie-hellman-group-exchange-sha256', u'diffie-hellman-group16-sha512', u'diffie-hellman-group18-sha512', u'diffie-hellman-group-exchange-sha1', u'diffie-hellman-group14-sha256', u'diffie-hellman-group14-sha1', u'diffie-hellman-group1-sha1'] server key:[u'ssh-rsa', u'rsa-sha2-512', u'rsa-sha2-256', u'ecdsa-sha2-nistp256', u'ssh-ed25519'] client encrypt:[u'chacha20-poly1305@openssh.com', u'aes128-ctr', u'aes192-ctr', u'aes256-ctr', u'aes128-gcm@openssh.com', u'aes256-gcm@openssh.com', u'aes128-cbc', u'aes192-cbc', u'aes256-cbc', u'blowfish-cbc', u'cast128-cbc', u'3des-cbc'] server encrypt:[u'chacha20-poly1305@openssh.com', u'aes128-ctr', u'aes192-ctr', u'aes256-ctr', u'aes128-gcm@openssh.com', u'aes256-gcm@openssh.com', u'aes128-cbc', u'aes192-cbc', u'aes256-cbc', u'blowfish-cbc', u'cast128-cbc', u'3des-cbc'] client mac:[u'umac-64-etm@openssh.com', u'umac-128-etm@openssh.com', u'hmac-sha2-256-etm@openssh.com', u'hmac-sha2-512-etm@openssh.com', u'hmac-sha1-etm@openssh.com', u'umac-64@openssh.com', u'umac-128@openssh.com', u'hmac-sha2-256', u'hmac-sha2-512', u'hmac-sha1'] server mac:[u'umac-64-etm@openssh.com', u'umac-128-etm@openssh.com', u'hmac-sha2-256-etm@openssh.com', u'hmac-sha2-512-etm@openssh.com', u'hmac-sha1-etm@openssh.com', u'umac-64@openssh.com', u'umac-128@openssh.com', u'hmac-sha2-256', u'hmac-sha2-512', u'hmac-sha1'] client compress:[u'none', u'zlib@openssh.com'] server compress:[u'none', u'zlib@openssh.com'] client lang:[u''] server lang:[u''] kex follows?False
DEB [20190703-00:21:59.992] thr=1   paramiko.transport: Kex agreed: ecdh-sha2-nistp256
DEB [20190703-00:21:59.992] thr=1   paramiko.transport: HostKey agreed: ssh-ed25519
DEB [20190703-00:21:59.992] thr=1   paramiko.transport: Cipher agreed: aes128-ctr
DEB [20190703-00:21:59.992] thr=1   paramiko.transport: MAC agreed: hmac-sha2-256
DEB [20190703-00:21:59.992] thr=1   paramiko.transport: Compression agreed: none
DEB [20190703-00:22:00.447] thr=1   paramiko.transport: kex engine KexNistp256 specified hash_algo <built-in function openssl_sha256>
DEB [20190703-00:22:00.447] thr=1   paramiko.transport: Switch to new keys ...
DEB [20190703-00:22:00.473] thr=2   paramiko.transport: Adding ssh-ed25519 host key for stg-df-dkr4: ce58f620aca42778e397891106b070a3
DEB [20190703-00:22:00.476] thr=2   paramiko.transport: Trying discovered key 6d9744873d5497c6a63eabd1f8194f11 in D:\INTG\stg-df-dkr3_key_Important\XShell_private
DEB [20190703-00:22:00.832] thr=1   paramiko.transport: userauth is OK
INF [20190703-00:22:01.035] thr=1   paramiko.transport: Authentication (publickey) successful!
DEB [20190703-00:22:01.055] thr=2   paramiko.transport: [chan 0] Max packet in: 32768 bytes
DEB [20190703-00:22:01.230] thr=1   paramiko.transport: Received global request "hostkeys-00@openssh.com"
DEB [20190703-00:22:01.230] thr=1   paramiko.transport: Rejecting "hostkeys-00@openssh.com" global request from server.
DEB [20190703-00:22:01.446] thr=1   paramiko.transport: [chan 0] Max packet out: 32768 bytes
DEB [20190703-00:22:01.446] thr=1   paramiko.transport: Secsh channel 0 opened.
DEB [20190703-00:22:01.631] thr=1   paramiko.transport: [chan 0] Sesch channel 0 request ok
DEB [20190703-00:22:01.634] thr=2   paramiko.transport: [chan 1] Max packet in: 32768 bytes
DEB [20190703-00:22:01.664] thr=1   paramiko.transport: [chan 0] EOF received (0)
DEB [20190703-00:22:01.664] thr=1   paramiko.transport: [chan 0] EOF sent (0)
DEB [20190703-00:22:01.809] thr=1   paramiko.transport: [chan 1] Max packet out: 32768 bytes
DEB [20190703-00:22:01.809] thr=1   paramiko.transport: Secsh channel 1 opened.
DEB [20190703-00:22:02.196] thr=1   paramiko.transport: [chan 1] Sesch channel 1 request ok
INF [20190703-00:22:02.368] thr=2   paramiko.transport.sftp: [chan 1] Opened sftp connection (server version 3)
DEB [20190703-00:22:02.469] thr=1   paramiko.transport: EOF in transport thread
DEB [20190703-00:22:11.526] thr=1   paramiko.transport: starting thread (client mode): 0x3536450L
DEB [20190703-00:22:11.526] thr=1   paramiko.transport: Local version/idstring: SSH-2.0-paramiko_2.4.2
DEB [20190703-00:22:11.710] thr=1   paramiko.transport: Remote version/idstring: SSH-2.0-OpenSSH_7.4
INF [20190703-00:22:11.710] thr=1   paramiko.transport: Connected (version 2.0, client OpenSSH_7.4)
DEB [20190703-00:22:11.887] thr=1   paramiko.transport: kex algos:[u'curve25519-sha256', u'curve25519-sha256@libssh.org', u'ecdh-sha2-nistp256', u'ecdh-sha2-nistp384', u'ecdh-sha2-nistp521', u'diffie-hellman-group-exchange-sha256', u'diffie-hellman-group16-sha512', u'diffie-hellman-group18-sha512', u'diffie-hellman-group-exchange-sha1', u'diffie-hellman-group14-sha256', u'diffie-hellman-group14-sha1', u'diffie-hellman-group1-sha1'] server key:[u'ssh-rsa', u'rsa-sha2-512', u'rsa-sha2-256', u'ecdsa-sha2-nistp256', u'ssh-ed25519'] client encrypt:[u'chacha20-poly1305@openssh.com', u'aes128-ctr', u'aes192-ctr', u'aes256-ctr', u'aes128-gcm@openssh.com', u'aes256-gcm@openssh.com', u'aes128-cbc', u'aes192-cbc', u'aes256-cbc', u'blowfish-cbc', u'cast128-cbc', u'3des-cbc'] server encrypt:[u'chacha20-poly1305@openssh.com', u'aes128-ctr', u'aes192-ctr', u'aes256-ctr', u'aes128-gcm@openssh.com', u'aes256-gcm@openssh.com', u'aes128-cbc', u'aes192-cbc', u'aes256-cbc', u'blowfish-cbc', u'cast128-cbc', u'3des-cbc'] client mac:[u'umac-64-etm@openssh.com', u'umac-128-etm@openssh.com', u'hmac-sha2-256-etm@openssh.com', u'hmac-sha2-512-etm@openssh.com', u'hmac-sha1-etm@openssh.com', u'umac-64@openssh.com', u'umac-128@openssh.com', u'hmac-sha2-256', u'hmac-sha2-512', u'hmac-sha1'] server mac:[u'umac-64-etm@openssh.com', u'umac-128-etm@openssh.com', u'hmac-sha2-256-etm@openssh.com', u'hmac-sha2-512-etm@openssh.com', u'hmac-sha1-etm@openssh.com', u'umac-64@openssh.com', u'umac-128@openssh.com', u'hmac-sha2-256', u'hmac-sha2-512', u'hmac-sha1'] client compress:[u'none', u'zlib@openssh.com'] server compress:[u'none', u'zlib@openssh.com'] client lang:[u''] server lang:[u''] kex follows?False
DEB [20190703-00:22:11.887] thr=1   paramiko.transport: Kex agreed: ecdh-sha2-nistp256
DEB [20190703-00:22:11.887] thr=1   paramiko.transport: HostKey agreed: ssh-ed25519
DEB [20190703-00:22:11.887] thr=1   paramiko.transport: Cipher agreed: aes128-ctr
DEB [20190703-00:22:11.887] thr=1   paramiko.transport: MAC agreed: hmac-sha2-256
DEB [20190703-00:22:11.887] thr=1   paramiko.transport: Compression agreed: none
DEB [20190703-00:22:12.285] thr=1   paramiko.transport: kex engine KexNistp256 specified hash_algo <built-in function openssl_sha256>
DEB [20190703-00:22:12.286] thr=1   paramiko.transport: Switch to new keys ...
DEB [20190703-00:22:12.288] thr=2   paramiko.transport: Adding ssh-ed25519 host key for stg-df-dkr4: ce58f620aca42778e397891106b070a3
DEB [20190703-00:22:12.290] thr=2   paramiko.transport: Trying discovered key 6d9744873d5497c6a63eabd1f8194f11 in D:\INTG\stg-df-dkr3_key_Important\XShell_private
DEB [20190703-00:22:12.678] thr=1   paramiko.transport: userauth is OK
INF [20190703-00:22:12.874] thr=1   paramiko.transport: Authentication (publickey) successful!
DEB [20190703-00:22:12.897] thr=2   paramiko.transport: [chan 0] Max packet in: 32768 bytes
DEB [20190703-00:22:13.071] thr=1   paramiko.transport: Received global request "hostkeys-00@openssh.com"
DEB [20190703-00:22:13.071] thr=1   paramiko.transport: Rejecting "hostkeys-00@openssh.com" global request from server.
DEB [20190703-00:22:13.476] thr=1   paramiko.transport: [chan 0] Max packet out: 32768 bytes
DEB [20190703-00:22:13.477] thr=1   paramiko.transport: Secsh channel 0 opened.
DEB [20190703-00:22:13.687] thr=1   paramiko.transport: [chan 0] Sesch channel 0 request ok
DEB [20190703-00:22:13.687] thr=2   paramiko.transport: [chan 1] Max packet in: 32768 bytes
DEB [20190703-00:22:13.720] thr=1   paramiko.transport: [chan 0] EOF received (0)
DEB [20190703-00:22:13.721] thr=1   paramiko.transport: [chan 0] EOF sent (0)
DEB [20190703-00:22:13.862] thr=1   paramiko.transport: [chan 1] Max packet out: 32768 bytes
DEB [20190703-00:22:13.862] thr=1   paramiko.transport: Secsh channel 1 opened.
DEB [20190703-00:22:14.266] thr=1   paramiko.transport: [chan 1] Sesch channel 1 request ok
INF [20190703-00:22:14.443] thr=2   paramiko.transport.sftp: [chan 1] Opened sftp connection (server version 3)
DEB [20190703-00:22:14.447] thr=2   paramiko.transport.sftp: [chan 1] stat('/var/common/ingestor/d3/138025721/2019-07-01/d3.dfcxautdd10a5bd@d3one.com_2019-07-01_23_56_52_376.p.zip')
DEB [20190703-00:22:14.632] thr=2   paramiko.transport.sftp: [chan 1] open('/var/common/ingestor/d3/138025721/2019-07-01/d3.dfcxautdd10a5bd@d3one.com_2019-07-01_23_56_52_376.p.zip', 'rb')
DEB [20190703-00:22:14.805] thr=2   paramiko.transport.sftp: [chan 1] open('/var/common/ingestor/d3/138025721/2019-07-01/d3.dfcxautdd10a5bd@d3one.com_2019-07-01_23_56_52_376.p.zip', 'rb') -> 00000000
DEB [20190703-00:22:15.338] thr=2   paramiko.transport.sftp: [chan 1] close(00000000)
INF [20190703-00:22:15.512] thr=2   paramiko.transport.sftp: [chan 1] sftp session closed.
DEB [20190703-00:22:15.512] thr=2   paramiko.transport: [chan 1] EOF sent (1)
DEB [20190703-00:22:15.611] thr=1   paramiko.transport: EOF in transport thread
DEB [20190703-00:52:50.510] thr=1   paramiko.transport: starting thread (client mode): 0x2c76450L
DEB [20190703-00:52:50.512] thr=1   paramiko.transport: Local version/idstring: SSH-2.0-paramiko_2.4.2
DEB [20190703-00:52:50.713] thr=1   paramiko.transport: Remote version/idstring: SSH-2.0-OpenSSH_7.4
INF [20190703-00:52:50.713] thr=1   paramiko.transport: Connected (version 2.0, client OpenSSH_7.4)
DEB [20190703-00:52:50.940] thr=1   paramiko.transport: kex algos:[u'curve25519-sha256', u'curve25519-sha256@libssh.org', u'ecdh-sha2-nistp256', u'ecdh-sha2-nistp384', u'ecdh-sha2-nistp521', u'diffie-hellman-group-exchange-sha256', u'diffie-hellman-group16-sha512', u'diffie-hellman-group18-sha512', u'diffie-hellman-group-exchange-sha1', u'diffie-hellman-group14-sha256', u'diffie-hellman-group14-sha1', u'diffie-hellman-group1-sha1'] server key:[u'ssh-rsa', u'rsa-sha2-512', u'rsa-sha2-256', u'ecdsa-sha2-nistp256', u'ssh-ed25519'] client encrypt:[u'chacha20-poly1305@openssh.com', u'aes128-ctr', u'aes192-ctr', u'aes256-ctr', u'aes128-gcm@openssh.com', u'aes256-gcm@openssh.com', u'aes128-cbc', u'aes192-cbc', u'aes256-cbc', u'blowfish-cbc', u'cast128-cbc', u'3des-cbc'] server encrypt:[u'chacha20-poly1305@openssh.com', u'aes128-ctr', u'aes192-ctr', u'aes256-ctr', u'aes128-gcm@openssh.com', u'aes256-gcm@openssh.com', u'aes128-cbc', u'aes192-cbc', u'aes256-cbc', u'blowfish-cbc', u'cast128-cbc', u'3des-cbc'] client mac:[u'umac-64-etm@openssh.com', u'umac-128-etm@openssh.com', u'hmac-sha2-256-etm@openssh.com', u'hmac-sha2-512-etm@openssh.com', u'hmac-sha1-etm@openssh.com', u'umac-64@openssh.com', u'umac-128@openssh.com', u'hmac-sha2-256', u'hmac-sha2-512', u'hmac-sha1'] server mac:[u'umac-64-etm@openssh.com', u'umac-128-etm@openssh.com', u'hmac-sha2-256-etm@openssh.com', u'hmac-sha2-512-etm@openssh.com', u'hmac-sha1-etm@openssh.com', u'umac-64@openssh.com', u'umac-128@openssh.com', u'hmac-sha2-256', u'hmac-sha2-512', u'hmac-sha1'] client compress:[u'none', u'zlib@openssh.com'] server compress:[u'none', u'zlib@openssh.com'] client lang:[u''] server lang:[u''] kex follows?False
DEB [20190703-00:52:50.940] thr=1   paramiko.transport: Kex agreed: ecdh-sha2-nistp256
DEB [20190703-00:52:50.940] thr=1   paramiko.transport: HostKey agreed: ssh-ed25519
DEB [20190703-00:52:50.940] thr=1   paramiko.transport: Cipher agreed: aes128-ctr
DEB [20190703-00:52:50.940] thr=1   paramiko.transport: MAC agreed: hmac-sha2-256
DEB [20190703-00:52:50.940] thr=1   paramiko.transport: Compression agreed: none
DEB [20190703-00:52:51.378] thr=1   paramiko.transport: kex engine KexNistp256 specified hash_algo <built-in function openssl_sha256>
DEB [20190703-00:52:51.380] thr=1   paramiko.transport: Switch to new keys ...
DEB [20190703-00:52:51.410] thr=2   paramiko.transport: Adding ssh-ed25519 host key for stg-df-dkr4: ce58f620aca42778e397891106b070a3
DEB [20190703-00:52:51.414] thr=2   paramiko.transport: Trying discovered key 6d9744873d5497c6a63eabd1f8194f11 in D:\INTG\stg-df-dkr3_key_Important\XShell_private
DEB [20190703-00:52:51.822] thr=1   paramiko.transport: userauth is OK
INF [20190703-00:52:52.025] thr=1   paramiko.transport: Authentication (publickey) successful!
DEB [20190703-00:52:52.036] thr=2   paramiko.transport: [chan 0] Max packet in: 32768 bytes
DEB [20190703-00:52:52.276] thr=1   paramiko.transport: Received global request "hostkeys-00@openssh.com"
DEB [20190703-00:52:52.276] thr=1   paramiko.transport: Rejecting "hostkeys-00@openssh.com" global request from server.
DEB [20190703-00:52:52.492] thr=1   paramiko.transport: [chan 0] Max packet out: 32768 bytes
DEB [20190703-00:52:52.492] thr=1   paramiko.transport: Secsh channel 0 opened.
DEB [20190703-00:52:52.723] thr=1   paramiko.transport: [chan 0] Sesch channel 0 request ok
DEB [20190703-00:52:52.724] thr=2   paramiko.transport: [chan 1] Max packet in: 32768 bytes
DEB [20190703-00:52:52.742] thr=1   paramiko.transport: [chan 0] EOF received (0)
DEB [20190703-00:52:52.743] thr=1   paramiko.transport: [chan 0] EOF sent (0)
DEB [20190703-00:52:52.898] thr=1   paramiko.transport: [chan 1] Max packet out: 32768 bytes
DEB [20190703-00:52:52.898] thr=1   paramiko.transport: Secsh channel 1 opened.
DEB [20190703-00:52:53.286] thr=1   paramiko.transport: [chan 1] Sesch channel 1 request ok
INF [20190703-00:52:53.492] thr=2   paramiko.transport.sftp: [chan 1] Opened sftp connection (server version 3)
DEB [20190703-00:52:53.513] thr=2   paramiko.transport.sftp: [chan 1] stat('/var/common/ingestor/d3/138025721/2019-07-01/d3.dfcxautdd10a5bd@d3one.com_2019-07-01_23_56_52_376.p.zip')
DEB [20190703-00:52:53.691] thr=2   paramiko.transport.sftp: [chan 1] open('/var/common/ingestor/d3/138025721/2019-07-01/d3.dfcxautdd10a5bd@d3one.com_2019-07-01_23_56_52_376.p.zip', 'rb')
DEB [20190703-00:52:53.868] thr=2   paramiko.transport.sftp: [chan 1] open('/var/common/ingestor/d3/138025721/2019-07-01/d3.dfcxautdd10a5bd@d3one.com_2019-07-01_23_56_52_376.p.zip', 'rb') -> 00000000
DEB [20190703-00:52:54.421] thr=2   paramiko.transport.sftp: [chan 1] close(00000000)
INF [20190703-00:52:54.607] thr=2   paramiko.transport.sftp: [chan 1] sftp session closed.
DEB [20190703-00:52:54.607] thr=2   paramiko.transport: [chan 1] EOF sent (1)
DEB [20190703-00:52:54.707] thr=1   paramiko.transport: EOF in transport thread
DEB [20190703-00:53:59.585] thr=1   paramiko.transport: starting thread (client mode): 0x3cc6450L
DEB [20190703-00:53:59.586] thr=1   paramiko.transport: Local version/idstring: SSH-2.0-paramiko_2.4.2
DEB [20190703-00:53:59.773] thr=1   paramiko.transport: Remote version/idstring: SSH-2.0-OpenSSH_7.4
INF [20190703-00:53:59.773] thr=1   paramiko.transport: Connected (version 2.0, client OpenSSH_7.4)
DEB [20190703-00:53:59.950] thr=1   paramiko.transport: kex algos:[u'curve25519-sha256', u'curve25519-sha256@libssh.org', u'ecdh-sha2-nistp256', u'ecdh-sha2-nistp384', u'ecdh-sha2-nistp521', u'diffie-hellman-group-exchange-sha256', u'diffie-hellman-group16-sha512', u'diffie-hellman-group18-sha512', u'diffie-hellman-group-exchange-sha1', u'diffie-hellman-group14-sha256', u'diffie-hellman-group14-sha1', u'diffie-hellman-group1-sha1'] server key:[u'ssh-rsa', u'rsa-sha2-512', u'rsa-sha2-256', u'ecdsa-sha2-nistp256', u'ssh-ed25519'] client encrypt:[u'chacha20-poly1305@openssh.com', u'aes128-ctr', u'aes192-ctr', u'aes256-ctr', u'aes128-gcm@openssh.com', u'aes256-gcm@openssh.com', u'aes128-cbc', u'aes192-cbc', u'aes256-cbc', u'blowfish-cbc', u'cast128-cbc', u'3des-cbc'] server encrypt:[u'chacha20-poly1305@openssh.com', u'aes128-ctr', u'aes192-ctr', u'aes256-ctr', u'aes128-gcm@openssh.com', u'aes256-gcm@openssh.com', u'aes128-cbc', u'aes192-cbc', u'aes256-cbc', u'blowfish-cbc', u'cast128-cbc', u'3des-cbc'] client mac:[u'umac-64-etm@openssh.com', u'umac-128-etm@openssh.com', u'hmac-sha2-256-etm@openssh.com', u'hmac-sha2-512-etm@openssh.com', u'hmac-sha1-etm@openssh.com', u'umac-64@openssh.com', u'umac-128@openssh.com', u'hmac-sha2-256', u'hmac-sha2-512', u'hmac-sha1'] server mac:[u'umac-64-etm@openssh.com', u'umac-128-etm@openssh.com', u'hmac-sha2-256-etm@openssh.com', u'hmac-sha2-512-etm@openssh.com', u'hmac-sha1-etm@openssh.com', u'umac-64@openssh.com', u'umac-128@openssh.com', u'hmac-sha2-256', u'hmac-sha2-512', u'hmac-sha1'] client compress:[u'none', u'zlib@openssh.com'] server compress:[u'none', u'zlib@openssh.com'] client lang:[u''] server lang:[u''] kex follows?False
DEB [20190703-00:53:59.950] thr=1   paramiko.transport: Kex agreed: ecdh-sha2-nistp256
DEB [20190703-00:53:59.950] thr=1   paramiko.transport: HostKey agreed: ssh-ed25519
DEB [20190703-00:53:59.950] thr=1   paramiko.transport: Cipher agreed: aes128-ctr
DEB [20190703-00:53:59.951] thr=1   paramiko.transport: MAC agreed: hmac-sha2-256
DEB [20190703-00:53:59.951] thr=1   paramiko.transport: Compression agreed: none
DEB [20190703-00:54:00.622] thr=1   paramiko.transport: kex engine KexNistp256 specified hash_algo <built-in function openssl_sha256>
DEB [20190703-00:54:00.622] thr=1   paramiko.transport: Switch to new keys ...
DEB [20190703-00:54:00.644] thr=2   paramiko.transport: Adding ssh-ed25519 host key for stg-df-dkr4: ce58f620aca42778e397891106b070a3
DEB [20190703-00:54:00.644] thr=2   paramiko.transport: Trying discovered key 6d9744873d5497c6a63eabd1f8194f11 in D:\INTG\stg-df-dkr3_key_Important\XShell_private
DEB [20190703-00:54:01.082] thr=1   paramiko.transport: userauth is OK
INF [20190703-00:54:01.296] thr=1   paramiko.transport: Authentication (publickey) successful!
DEB [20190703-00:54:01.322] thr=2   paramiko.transport: [chan 0] Max packet in: 32768 bytes
DEB [20190703-00:54:01.529] thr=1   paramiko.transport: Received global request "hostkeys-00@openssh.com"
DEB [20190703-00:54:01.530] thr=1   paramiko.transport: Rejecting "hostkeys-00@openssh.com" global request from server.
DEB [20190703-00:54:01.755] thr=1   paramiko.transport: [chan 0] Max packet out: 32768 bytes
DEB [20190703-00:54:01.755] thr=1   paramiko.transport: Secsh channel 0 opened.
DEB [20190703-00:54:02.020] thr=1   paramiko.transport: [chan 0] Sesch channel 0 request ok
INF [20190703-00:54:02.236] thr=2   paramiko.transport.sftp: [chan 0] Opened sftp connection (server version 3)
DEB [20190703-00:54:02.239] thr=2   paramiko.transport.sftp: [chan 0] stat('/var/common/ingestor/d3/138025721/2019-07-01/d3.dfcxautdd10a5bd@d3one.com_2019-07-01_23_56_52_376.p.zip')
DEB [20190703-00:54:02.469] thr=2   paramiko.transport.sftp: [chan 0] open('/var/common/ingestor/d3/138025721/2019-07-01/d3.dfcxautdd10a5bd@d3one.com_2019-07-01_23_56_52_376.p.zip', 'rb')
DEB [20190703-00:54:02.694] thr=2   paramiko.transport.sftp: [chan 0] open('/var/common/ingestor/d3/138025721/2019-07-01/d3.dfcxautdd10a5bd@d3one.com_2019-07-01_23_56_52_376.p.zip', 'rb') -> 00000000
DEB [20190703-00:54:03.301] thr=2   paramiko.transport.sftp: [chan 0] close(00000000)
INF [20190703-00:54:03.894] thr=2   paramiko.transport.sftp: [chan 0] sftp session closed.
DEB [20190703-00:54:03.894] thr=2   paramiko.transport: [chan 0] EOF sent (0)
DEB [20190703-00:54:03.992] thr=1   paramiko.transport: EOF in transport thread
DEB [20200824-17:24:41.328] thr=1   paramiko.transport: starting thread (client mode): 0x3567a90L
DEB [20200824-17:24:41.331] thr=1   paramiko.transport: Local version/idstring: SSH-2.0-paramiko_2.6.0
DEB [20200824-17:24:41.500] thr=1   paramiko.transport: Remote version/idstring: SSH-2.0-OpenSSH_8.3
INF [20200824-17:24:41.500] thr=1   paramiko.transport: Connected (version 2.0, client OpenSSH_8.3)
DEB [20200824-17:24:41.680] thr=1   paramiko.transport: kex algos:[u'curve25519-sha256', u'curve25519-sha256@libssh.org', u'ecdh-sha2-nistp256', u'ecdh-sha2-nistp384', u'ecdh-sha2-nistp521', u'diffie-hellman-group-exchange-sha256', u'diffie-hellman-group16-sha512', u'diffie-hellman-group18-sha512', u'diffie-hellman-group14-sha256'] server key:[u'rsa-sha2-512', u'rsa-sha2-256', u'ssh-rsa', u'ecdsa-sha2-nistp256', u'ssh-ed25519'] client encrypt:[u'chacha20-poly1305@openssh.com', u'aes128-ctr', u'aes192-ctr', u'aes256-ctr', u'aes128-gcm@openssh.com', u'aes256-gcm@openssh.com'] server encrypt:[u'chacha20-poly1305@openssh.com', u'aes128-ctr', u'aes192-ctr', u'aes256-ctr', u'aes128-gcm@openssh.com', u'aes256-gcm@openssh.com'] client mac:[u'umac-64-etm@openssh.com', u'umac-128-etm@openssh.com', u'hmac-sha2-256-etm@openssh.com', u'hmac-sha2-512-etm@openssh.com', u'hmac-sha1-etm@openssh.com', u'umac-64@openssh.com', u'umac-128@openssh.com', u'hmac-sha2-256', u'hmac-sha2-512', u'hmac-sha1'] server mac:[u'umac-64-etm@openssh.com', u'umac-128-etm@openssh.com', u'hmac-sha2-256-etm@openssh.com', u'hmac-sha2-512-etm@openssh.com', u'hmac-sha1-etm@openssh.com', u'umac-64@openssh.com', u'umac-128@openssh.com', u'hmac-sha2-256', u'hmac-sha2-512', u'hmac-sha1'] client compress:[u'none', u'zlib@openssh.com'] server compress:[u'none', u'zlib@openssh.com'] client lang:[u''] server lang:[u''] kex follows?False
DEB [20200824-17:24:41.680] thr=1   paramiko.transport: Kex agreed: curve25519-sha256@libssh.org
DEB [20200824-17:24:41.681] thr=1   paramiko.transport: HostKey agreed: ssh-ed25519
DEB [20200824-17:24:41.681] thr=1   paramiko.transport: Cipher agreed: aes128-ctr
DEB [20200824-17:24:41.681] thr=1   paramiko.transport: MAC agreed: hmac-sha2-256
DEB [20200824-17:24:41.681] thr=1   paramiko.transport: Compression agreed: none
DEB [20200824-17:24:41.865] thr=1   paramiko.transport: kex engine KexCurve25519 specified hash_algo <built-in function openssl_sha256>
DEB [20200824-17:24:41.868] thr=1   paramiko.transport: Switch to new keys ...
DEB [20200824-17:24:41.898] thr=2   paramiko.transport: Adding ssh-ed25519 host key for stg-df-dkr4: ce58f620aca42778e397891106b070a3
DEB [20200824-17:24:42.269] thr=2   paramiko.transport: Trying discovered key 6d9744873d5497c6a63eabd1f8194f11 in D:\INTG\stg-df-dkr3_key_Important\XShell_private
DEB [20200824-17:24:42.433] thr=1   paramiko.transport: userauth is OK
INF [20200824-17:24:42.648] thr=1   paramiko.transport: Authentication (publickey) successful!
DEB [20200824-17:24:42.674] thr=2   paramiko.transport: [chan 0] Max packet in: 32768 bytes
DEB [20200824-17:24:42.839] thr=1   paramiko.transport: Received global request "hostkeys-00@openssh.com"
DEB [20200824-17:24:42.841] thr=1   paramiko.transport: Rejecting "hostkeys-00@openssh.com" global request from server.
DEB [20200824-17:24:42.842] thr=1   paramiko.transport: Debug msg: /home/mli/.ssh/authorized_keys:1: key options: agent-forwarding port-forwarding pty user-rc x11-forwarding
DEB [20200824-17:24:43.042] thr=1   paramiko.transport: [chan 0] Max packet out: 32768 bytes
DEB [20200824-17:24:43.043] thr=1   paramiko.transport: Secsh channel 0 opened.
DEB [20200824-17:24:43.216] thr=1   paramiko.transport: [chan 0] Sesch channel 0 request ok
DEB [20200824-17:24:43.256] thr=1   paramiko.transport: EOF in transport thread
DEB [20200824-17:24:43.293] thr=3   paramiko.transport: [chan 0] EOF sent (0)
DEB [20200824-17:24:43.293] thr=3   paramiko.transport: Dropping user packet because connection is dead.
DEB [20200824-17:25:17.576] thr=1   paramiko.transport: starting thread (client mode): 0x4574fd0L
DEB [20200824-17:25:17.578] thr=1   paramiko.transport: Local version/idstring: SSH-2.0-paramiko_2.6.0
DEB [20200824-17:25:17.750] thr=1   paramiko.transport: Remote version/idstring: SSH-2.0-OpenSSH_8.3
INF [20200824-17:25:17.750] thr=1   paramiko.transport: Connected (version 2.0, client OpenSSH_8.3)
DEB [20200824-17:25:17.918] thr=1   paramiko.transport: kex algos:[u'curve25519-sha256', u'curve25519-sha256@libssh.org', u'ecdh-sha2-nistp256', u'ecdh-sha2-nistp384', u'ecdh-sha2-nistp521', u'diffie-hellman-group-exchange-sha256', u'diffie-hellman-group16-sha512', u'diffie-hellman-group18-sha512', u'diffie-hellman-group14-sha256'] server key:[u'rsa-sha2-512', u'rsa-sha2-256', u'ssh-rsa', u'ecdsa-sha2-nistp256', u'ssh-ed25519'] client encrypt:[u'chacha20-poly1305@openssh.com', u'aes128-ctr', u'aes192-ctr', u'aes256-ctr', u'aes128-gcm@openssh.com', u'aes256-gcm@openssh.com'] server encrypt:[u'chacha20-poly1305@openssh.com', u'aes128-ctr', u'aes192-ctr', u'aes256-ctr', u'aes128-gcm@openssh.com', u'aes256-gcm@openssh.com'] client mac:[u'umac-64-etm@openssh.com', u'umac-128-etm@openssh.com', u'hmac-sha2-256-etm@openssh.com', u'hmac-sha2-512-etm@openssh.com', u'hmac-sha1-etm@openssh.com', u'umac-64@openssh.com', u'umac-128@openssh.com', u'hmac-sha2-256', u'hmac-sha2-512', u'hmac-sha1'] server mac:[u'umac-64-etm@openssh.com', u'umac-128-etm@openssh.com', u'hmac-sha2-256-etm@openssh.com', u'hmac-sha2-512-etm@openssh.com', u'hmac-sha1-etm@openssh.com', u'umac-64@openssh.com', u'umac-128@openssh.com', u'hmac-sha2-256', u'hmac-sha2-512', u'hmac-sha1'] client compress:[u'none', u'zlib@openssh.com'] server compress:[u'none', u'zlib@openssh.com'] client lang:[u''] server lang:[u''] kex follows?False
DEB [20200824-17:25:17.918] thr=1   paramiko.transport: Kex agreed: curve25519-sha256@libssh.org
DEB [20200824-17:25:17.920] thr=1   paramiko.transport: HostKey agreed: ssh-ed25519
DEB [20200824-17:25:17.920] thr=1   paramiko.transport: Cipher agreed: aes128-ctr
DEB [20200824-17:25:17.920] thr=1   paramiko.transport: MAC agreed: hmac-sha2-256
DEB [20200824-17:25:17.920] thr=1   paramiko.transport: Compression agreed: none
DEB [20200824-17:25:18.092] thr=1   paramiko.transport: kex engine KexCurve25519 specified hash_algo <built-in function openssl_sha256>
DEB [20200824-17:25:18.094] thr=1   paramiko.transport: Switch to new keys ...
DEB [20200824-17:25:18.111] thr=2   paramiko.transport: Adding ssh-ed25519 host key for stg-df-dkr4: ce58f620aca42778e397891106b070a3
DEB [20200824-17:25:18.112] thr=2   paramiko.transport: Trying discovered key 6d9744873d5497c6a63eabd1f8194f11 in D:\INTG\stg-df-dkr3_key_Important\XShell_private
DEB [20200824-17:25:18.444] thr=1   paramiko.transport: userauth is OK
INF [20200824-17:25:18.716] thr=1   paramiko.transport: Authentication (publickey) successful!
DEB [20200824-17:25:18.724] thr=2   paramiko.transport: [chan 0] Max packet in: 32768 bytes
DEB [20200824-17:25:18.891] thr=1   paramiko.transport: Received global request "hostkeys-00@openssh.com"
DEB [20200824-17:25:18.892] thr=1   paramiko.transport: Rejecting "hostkeys-00@openssh.com" global request from server.
DEB [20200824-17:25:18.894] thr=1   paramiko.transport: Debug msg: /home/mli/.ssh/authorized_keys:1: key options: agent-forwarding port-forwarding pty user-rc x11-forwarding
DEB [20200824-17:25:19.096] thr=1   paramiko.transport: [chan 0] Max packet out: 32768 bytes
DEB [20200824-17:25:19.098] thr=1   paramiko.transport: Secsh channel 0 opened.
DEB [20200824-17:25:19.302] thr=1   paramiko.transport: [chan 0] Sesch channel 0 request ok
DEB [20200824-17:25:19.348] thr=1   paramiko.transport: [chan 0] EOF received (0)
DEB [20200824-17:25:19.348] thr=1   paramiko.transport: [chan 0] EOF sent (0)
DEB [20200824-17:26:10.355] thr=1   paramiko.transport: EOF in transport thread
DEB [20200824-17:26:41.999] thr=1   paramiko.transport: starting thread (client mode): 0x34bfa90L
DEB [20200824-17:26:41.999] thr=1   paramiko.transport: Local version/idstring: SSH-2.0-paramiko_2.6.0
DEB [20200824-17:26:42.174] thr=1   paramiko.transport: Remote version/idstring: SSH-2.0-OpenSSH_8.3
INF [20200824-17:26:42.174] thr=1   paramiko.transport: Connected (version 2.0, client OpenSSH_8.3)
DEB [20200824-17:26:42.344] thr=1   paramiko.transport: kex algos:[u'curve25519-sha256', u'curve25519-sha256@libssh.org', u'ecdh-sha2-nistp256', u'ecdh-sha2-nistp384', u'ecdh-sha2-nistp521', u'diffie-hellman-group-exchange-sha256', u'diffie-hellman-group16-sha512', u'diffie-hellman-group18-sha512', u'diffie-hellman-group14-sha256'] server key:[u'rsa-sha2-512', u'rsa-sha2-256', u'ssh-rsa', u'ecdsa-sha2-nistp256', u'ssh-ed25519'] client encrypt:[u'chacha20-poly1305@openssh.com', u'aes128-ctr', u'aes192-ctr', u'aes256-ctr', u'aes128-gcm@openssh.com', u'aes256-gcm@openssh.com'] server encrypt:[u'chacha20-poly1305@openssh.com', u'aes128-ctr', u'aes192-ctr', u'aes256-ctr', u'aes128-gcm@openssh.com', u'aes256-gcm@openssh.com'] client mac:[u'umac-64-etm@openssh.com', u'umac-128-etm@openssh.com', u'hmac-sha2-256-etm@openssh.com', u'hmac-sha2-512-etm@openssh.com', u'hmac-sha1-etm@openssh.com', u'umac-64@openssh.com', u'umac-128@openssh.com', u'hmac-sha2-256', u'hmac-sha2-512', u'hmac-sha1'] server mac:[u'umac-64-etm@openssh.com', u'umac-128-etm@openssh.com', u'hmac-sha2-256-etm@openssh.com', u'hmac-sha2-512-etm@openssh.com', u'hmac-sha1-etm@openssh.com', u'umac-64@openssh.com', u'umac-128@openssh.com', u'hmac-sha2-256', u'hmac-sha2-512', u'hmac-sha1'] client compress:[u'none', u'zlib@openssh.com'] server compress:[u'none', u'zlib@openssh.com'] client lang:[u''] server lang:[u''] kex follows?False
DEB [20200824-17:26:42.345] thr=1   paramiko.transport: Kex agreed: curve25519-sha256@libssh.org
DEB [20200824-17:26:42.345] thr=1   paramiko.transport: HostKey agreed: ssh-ed25519
DEB [20200824-17:26:42.345] thr=1   paramiko.transport: Cipher agreed: aes128-ctr
DEB [20200824-17:26:42.345] thr=1   paramiko.transport: MAC agreed: hmac-sha2-256
DEB [20200824-17:26:42.346] thr=1   paramiko.transport: Compression agreed: none
DEB [20200824-17:26:42.519] thr=1   paramiko.transport: kex engine KexCurve25519 specified hash_algo <built-in function openssl_sha256>
DEB [20200824-17:26:42.519] thr=1   paramiko.transport: Switch to new keys ...
DEB [20200824-17:26:42.535] thr=2   paramiko.transport: Adding ssh-ed25519 host key for stg-df-dkr4: ce58f620aca42778e397891106b070a3
DEB [20200824-17:26:42.536] thr=2   paramiko.transport: Trying discovered key 6d9744873d5497c6a63eabd1f8194f11 in D:\INTG\stg-df-dkr3_key_Important\XShell_private
DEB [20200824-17:26:42.882] thr=1   paramiko.transport: userauth is OK
INF [20200824-17:26:43.065] thr=1   paramiko.transport: Authentication (publickey) successful!
DEB [20200824-17:26:43.075] thr=2   paramiko.transport: [chan 0] Max packet in: 32768 bytes
DEB [20200824-17:26:43.242] thr=1   paramiko.transport: Received global request "hostkeys-00@openssh.com"
DEB [20200824-17:26:43.243] thr=1   paramiko.transport: Rejecting "hostkeys-00@openssh.com" global request from server.
DEB [20200824-17:26:43.243] thr=1   paramiko.transport: Debug msg: /home/mli/.ssh/authorized_keys:1: key options: agent-forwarding port-forwarding pty user-rc x11-forwarding
DEB [20200824-17:26:43.443] thr=1   paramiko.transport: [chan 0] Max packet out: 32768 bytes
DEB [20200824-17:26:43.444] thr=1   paramiko.transport: Secsh channel 0 opened.
DEB [20200824-17:26:43.614] thr=1   paramiko.transport: [chan 0] Sesch channel 0 request ok
DEB [20200824-17:26:43.668] thr=1   paramiko.transport: [chan 0] EOF received (0)
DEB [20200824-17:26:43.677] thr=3   paramiko.transport: [chan 0] EOF sent (0)
DEB [20200824-17:26:43.677] thr=3   paramiko.transport: Dropping user packet because connection is dead.
DEB [20200824-17:27:01.696] thr=1   paramiko.transport: starting thread (client mode): 0x355fa90L
DEB [20200824-17:27:01.697] thr=1   paramiko.transport: Local version/idstring: SSH-2.0-paramiko_2.6.0
DEB [20200824-17:27:01.891] thr=1   paramiko.transport: Remote version/idstring: SSH-2.0-OpenSSH_8.3
INF [20200824-17:27:01.894] thr=1   paramiko.transport: Connected (version 2.0, client OpenSSH_8.3)
DEB [20200824-17:27:02.092] thr=1   paramiko.transport: kex algos:[u'curve25519-sha256', u'curve25519-sha256@libssh.org', u'ecdh-sha2-nistp256', u'ecdh-sha2-nistp384', u'ecdh-sha2-nistp521', u'diffie-hellman-group-exchange-sha256', u'diffie-hellman-group16-sha512', u'diffie-hellman-group18-sha512', u'diffie-hellman-group14-sha256'] server key:[u'rsa-sha2-512', u'rsa-sha2-256', u'ssh-rsa', u'ecdsa-sha2-nistp256', u'ssh-ed25519'] client encrypt:[u'chacha20-poly1305@openssh.com', u'aes128-ctr', u'aes192-ctr', u'aes256-ctr', u'aes128-gcm@openssh.com', u'aes256-gcm@openssh.com'] server encrypt:[u'chacha20-poly1305@openssh.com', u'aes128-ctr', u'aes192-ctr', u'aes256-ctr', u'aes128-gcm@openssh.com', u'aes256-gcm@openssh.com'] client mac:[u'umac-64-etm@openssh.com', u'umac-128-etm@openssh.com', u'hmac-sha2-256-etm@openssh.com', u'hmac-sha2-512-etm@openssh.com', u'hmac-sha1-etm@openssh.com', u'umac-64@openssh.com', u'umac-128@openssh.com', u'hmac-sha2-256', u'hmac-sha2-512', u'hmac-sha1'] server mac:[u'umac-64-etm@openssh.com', u'umac-128-etm@openssh.com', u'hmac-sha2-256-etm@openssh.com', u'hmac-sha2-512-etm@openssh.com', u'hmac-sha1-etm@openssh.com', u'umac-64@openssh.com', u'umac-128@openssh.com', u'hmac-sha2-256', u'hmac-sha2-512', u'hmac-sha1'] client compress:[u'none', u'zlib@openssh.com'] server compress:[u'none', u'zlib@openssh.com'] client lang:[u''] server lang:[u''] kex follows?False
DEB [20200824-17:27:02.092] thr=1   paramiko.transport: Kex agreed: curve25519-sha256@libssh.org
DEB [20200824-17:27:02.094] thr=1   paramiko.transport: HostKey agreed: ssh-ed25519
DEB [20200824-17:27:02.094] thr=1   paramiko.transport: Cipher agreed: aes128-ctr
DEB [20200824-17:27:02.094] thr=1   paramiko.transport: MAC agreed: hmac-sha2-256
DEB [20200824-17:27:02.094] thr=1   paramiko.transport: Compression agreed: none
DEB [20200824-17:27:02.298] thr=1   paramiko.transport: kex engine KexCurve25519 specified hash_algo <built-in function openssl_sha256>
DEB [20200824-17:27:02.299] thr=1   paramiko.transport: Switch to new keys ...
DEB [20200824-17:27:02.302] thr=2   paramiko.transport: Adding ssh-ed25519 host key for stg-df-dkr4: ce58f620aca42778e397891106b070a3
DEB [20200824-17:27:02.302] thr=2   paramiko.transport: Trying discovered key 6d9744873d5497c6a63eabd1f8194f11 in D:\INTG\stg-df-dkr3_key_Important\XShell_private
DEB [20200824-17:27:02.696] thr=1   paramiko.transport: userauth is OK
INF [20200824-17:27:02.904] thr=1   paramiko.transport: Authentication (publickey) successful!
DEB [20200824-17:27:02.911] thr=2   paramiko.transport: [chan 0] Max packet in: 32768 bytes
DEB [20200824-17:27:03.117] thr=1   paramiko.transport: Received global request "hostkeys-00@openssh.com"
DEB [20200824-17:27:03.117] thr=1   paramiko.transport: Rejecting "hostkeys-00@openssh.com" global request from server.
DEB [20200824-17:27:03.118] thr=1   paramiko.transport: Debug msg: /home/mli/.ssh/authorized_keys:1: key options: agent-forwarding port-forwarding pty user-rc x11-forwarding
DEB [20200824-17:27:03.321] thr=1   paramiko.transport: [chan 0] Max packet out: 32768 bytes
DEB [20200824-17:27:03.322] thr=1   paramiko.transport: Secsh channel 0 opened.
DEB [20200824-17:27:03.490] thr=1   paramiko.transport: [chan 0] Sesch channel 0 request ok
DEB [20200824-17:27:03.535] thr=1   paramiko.transport: [chan 0] EOF received (0)
DEB [20200824-17:27:03.536] thr=1   paramiko.transport: [chan 0] EOF sent (0)
DEB [20200824-17:27:03.536] thr=1   paramiko.transport: Dropping user packet because connection is dead.
DEB [20200824-17:27:03.536] thr=1   paramiko.transport: Dropping user packet because connection is dead.
DEB [20200824-17:28:29.977] thr=1   paramiko.transport: starting thread (client mode): 0x34dfa90L
DEB [20200824-17:28:29.977] thr=1   paramiko.transport: Local version/idstring: SSH-2.0-paramiko_2.6.0
DEB [20200824-17:28:30.154] thr=1   paramiko.transport: Remote version/idstring: SSH-2.0-OpenSSH_8.3
INF [20200824-17:28:30.154] thr=1   paramiko.transport: Connected (version 2.0, client OpenSSH_8.3)
DEB [20200824-17:28:30.331] thr=1   paramiko.transport: kex algos:[u'curve25519-sha256', u'curve25519-sha256@libssh.org', u'ecdh-sha2-nistp256', u'ecdh-sha2-nistp384', u'ecdh-sha2-nistp521', u'diffie-hellman-group-exchange-sha256', u'diffie-hellman-group16-sha512', u'diffie-hellman-group18-sha512', u'diffie-hellman-group14-sha256'] server key:[u'rsa-sha2-512', u'rsa-sha2-256', u'ssh-rsa', u'ecdsa-sha2-nistp256', u'ssh-ed25519'] client encrypt:[u'chacha20-poly1305@openssh.com', u'aes128-ctr', u'aes192-ctr', u'aes256-ctr', u'aes128-gcm@openssh.com', u'aes256-gcm@openssh.com'] server encrypt:[u'chacha20-poly1305@openssh.com', u'aes128-ctr', u'aes192-ctr', u'aes256-ctr', u'aes128-gcm@openssh.com', u'aes256-gcm@openssh.com'] client mac:[u'umac-64-etm@openssh.com', u'umac-128-etm@openssh.com', u'hmac-sha2-256-etm@openssh.com', u'hmac-sha2-512-etm@openssh.com', u'hmac-sha1-etm@openssh.com', u'umac-64@openssh.com', u'umac-128@openssh.com', u'hmac-sha2-256', u'hmac-sha2-512', u'hmac-sha1'] server mac:[u'umac-64-etm@openssh.com', u'umac-128-etm@openssh.com', u'hmac-sha2-256-etm@openssh.com', u'hmac-sha2-512-etm@openssh.com', u'hmac-sha1-etm@openssh.com', u'umac-64@openssh.com', u'umac-128@openssh.com', u'hmac-sha2-256', u'hmac-sha2-512', u'hmac-sha1'] client compress:[u'none', u'zlib@openssh.com'] server compress:[u'none', u'zlib@openssh.com'] client lang:[u''] server lang:[u''] kex follows?False
DEB [20200824-17:28:30.331] thr=1   paramiko.transport: Kex agreed: curve25519-sha256@libssh.org
DEB [20200824-17:28:30.331] thr=1   paramiko.transport: HostKey agreed: ssh-ed25519
DEB [20200824-17:28:30.331] thr=1   paramiko.transport: Cipher agreed: aes128-ctr
DEB [20200824-17:28:30.331] thr=1   paramiko.transport: MAC agreed: hmac-sha2-256
DEB [20200824-17:28:30.331] thr=1   paramiko.transport: Compression agreed: none
DEB [20200824-17:28:30.506] thr=1   paramiko.transport: kex engine KexCurve25519 specified hash_algo <built-in function openssl_sha256>
DEB [20200824-17:28:30.506] thr=1   paramiko.transport: Switch to new keys ...
DEB [20200824-17:28:30.512] thr=2   paramiko.transport: Adding ssh-ed25519 host key for stg-df-dkr4: ce58f620aca42778e397891106b070a3
DEB [20200824-17:28:30.513] thr=2   paramiko.transport: Trying discovered key 6d9744873d5497c6a63eabd1f8194f11 in D:\INTG\stg-df-dkr3_key_Important\XShell_private
DEB [20200824-17:28:30.877] thr=1   paramiko.transport: userauth is OK
INF [20200824-17:28:31.063] thr=1   paramiko.transport: Authentication (publickey) successful!
DEB [20200824-17:28:31.081] thr=2   paramiko.transport: [chan 0] Max packet in: 32768 bytes
DEB [20200824-17:28:31.244] thr=1   paramiko.transport: Received global request "hostkeys-00@openssh.com"
DEB [20200824-17:28:31.244] thr=1   paramiko.transport: Rejecting "hostkeys-00@openssh.com" global request from server.
DEB [20200824-17:28:31.246] thr=1   paramiko.transport: Debug msg: /home/mli/.ssh/authorized_keys:1: key options: agent-forwarding port-forwarding pty user-rc x11-forwarding
DEB [20200824-17:28:31.448] thr=1   paramiko.transport: [chan 0] Max packet out: 32768 bytes
DEB [20200824-17:28:31.450] thr=1   paramiko.transport: Secsh channel 0 opened.
DEB [20200824-17:28:31.648] thr=1   paramiko.transport: [chan 0] Sesch channel 0 request ok
DEB [20200824-17:28:31.713] thr=3   paramiko.transport: [chan 0] EOF sent (0)
DEB [20200824-17:28:31.713] thr=3   paramiko.transport: Dropping user packet because connection is dead.
